<?xml version="1.0" encoding="UTF-8"?>
<testng-results ignored="0" total="2" passed="2" failed="0" skipped="0">
  <reporter-output>
  </reporter-output>
  <suite started-at="2022-08-02T20:03:39 IST" name="Default suite" finished-at="2022-08-02T20:04:02 IST" duration-ms="22762">
    <groups>
    </groups>
    <test started-at="2022-08-02T20:03:39 IST" name="Default test" finished-at="2022-08-02T20:04:02 IST" duration-ms="22762">
      <class name="com.qa.hs.test.loginTest">
        <test-method signature="loginTest()[pri:0, instance:com.qa.hs.test.loginTest@201a4587]" started-at="2022-08-02T20:03:39 IST" name="loginTest" finished-at="2022-08-02T20:03:51 IST" duration-ms="11879" status="PASS">
          <reporter-output>
          </reporter-output>
        </test-method> <!-- loginTest -->
        <test-method signature="signUpTest()[pri:0, instance:com.qa.hs.test.loginTest@201a4587]" started-at="2022-08-02T20:03:51 IST" name="signUpTest" finished-at="2022-08-02T20:04:02 IST" duration-ms="10748" status="PASS">
          <reporter-output>
          </reporter-output>
        </test-method> <!-- signUpTest -->
      </class> <!-- com.qa.hs.test.loginTest -->
    </test> <!-- Default test -->
  </suite> <!-- Default suite -->
</testng-results>
